<?xml version="1.0" encoding="UTF-8"?>
<!-- Generated by org.testng.reporters.JUnitXMLReporter -->
<testsuite ignored="0" hostname="GT0039" failures="0" tests="3" name="Test" time="132.241" errors="0" timestamp="2024-09-26T15:16:24 IST">
  <testcase classname="P1.TestPracto" name="ValidListDocotrs" time="33.336"/>
  <testcase classname="P1.TestPracto" name="ValidTimeSlotAndDateAndName" time="42.07"/>
  <testcase classname="P1.TestPracto" name="validFilteredValues" time="56.788"/>
</testsuite> <!-- Test -->
