<?xml version="1.0" encoding="UTF-8"?>
<testng-results ignored="0" total="3" passed="3" failed="0" skipped="0">
  <reporter-output>
  </reporter-output>
  <suite started-at="2024-09-26T15:14:11 IST" name="Suite" finished-at="2024-09-26T15:16:24 IST" duration-ms="132241">
    <groups>
    </groups>
    <test started-at="2024-09-26T15:14:11 IST" name="Test" finished-at="2024-09-26T15:16:24 IST" duration-ms="132241">
      <class name="P1.TestPracto">
        <test-method signature="ValidListDocotrs()[pri:1, instance:P1.TestPracto@53045c6c]" started-at="2024-09-26T15:14:11 IST" name="ValidListDocotrs" finished-at="2024-09-26T15:14:45 IST" duration-ms="33336" status="PASS">
          <reporter-output>
          </reporter-output>
        </test-method> <!-- ValidListDocotrs -->
        <test-method signature="ValidTimeSlotAndDateAndName()[pri:2, instance:P1.TestPracto@53045c6c]" started-at="2024-09-26T15:14:45 IST" name="ValidTimeSlotAndDateAndName" finished-at="2024-09-26T15:15:27 IST" duration-ms="42070" status="PASS">
          <reporter-output>
          </reporter-output>
        </test-method> <!-- ValidTimeSlotAndDateAndName -->
        <test-method signature="validFilteredValues()[pri:3, instance:P1.TestPracto@53045c6c]" started-at="2024-09-26T15:15:27 IST" name="validFilteredValues" finished-at="2024-09-26T15:16:24 IST" duration-ms="56788" status="PASS">
          <reporter-output>
          </reporter-output>
        </test-method> <!-- validFilteredValues -->
        <test-method is-config="true" signature="cleanUp()[pri:0, instance:P1.TestPracto@53045c6c]" started-at="2024-09-26T15:16:24 IST" name="cleanUp" finished-at="2024-09-26T15:16:25 IST" duration-ms="771" status="PASS">
          <reporter-output>
          </reporter-output>
        </test-method> <!-- cleanUp -->
      </class> <!-- P1.TestPracto -->
    </test> <!-- Test -->
  </suite> <!-- Suite -->
</testng-results>
